<?xml version="1.0" encoding="UTF-8"?>
<robot generator="Robot 4.0.1 (Python 3.9.4 on win32)" generated="20210417 20:20:28.029" rpa="false" schemaversion="2">
<suite id="s1" name="Mytest" source="D:\Test\mytest.robot">
<test id="s1-t1" name="[001] Login to youtube">
<kw name="Love olo">
<kw name="Open Browser" library="Selenium2Library">
<arg>${youtube}</arg>
<arg>Chrome</arg>
<doc>Opens a new browser instance to the optional ``url``.</doc>
<msg timestamp="20210417 20:20:28.206" level="INFO">Opening browser 'Chrome' to base url 'https://www.youtube.com/'.</msg>
<status status="PASS" starttime="20210417 20:20:28.205" endtime="20210417 20:20:36.986"/>
</kw>
<kw name="Maximize Browser Window" library="Selenium2Library">
<doc>Maximizes current browser window.</doc>
<status status="PASS" starttime="20210417 20:20:36.986" endtime="20210417 20:20:37.320"/>
</kw>
<kw name="Input Text" library="Selenium2Library">
<arg>name=search_query</arg>
<arg>${Song}</arg>
<doc>Types the given ``text`` into the text field identified by ``locator``.</doc>
<msg timestamp="20210417 20:20:37.320" level="INFO">Typing text 'My love is gone' into text field 'name=search_query'.</msg>
<status status="PASS" starttime="20210417 20:20:37.320" endtime="20210417 20:20:37.464"/>
</kw>
<kw name="Click Element" library="Selenium2Library">
<arg>(//YT-ICON[@class='style-scope ytd-searchbox'])[2]</arg>
<doc>Click the element identified by ``locator``.</doc>
<msg timestamp="20210417 20:20:37.464" level="INFO">Clicking element '(//YT-ICON[@class='style-scope ytd-searchbox'])[2]'.</msg>
<status status="PASS" starttime="20210417 20:20:37.464" endtime="20210417 20:20:37.553"/>
</kw>
<kw name="Click Element" library="Selenium2Library">
<arg>${My-Love-Elements}</arg>
<doc>Click the element identified by ``locator``.</doc>
<msg timestamp="20210417 20:20:37.554" level="INFO">Clicking element '//YT-FORMATTED-STRING[@class='style-scope ytd-video-renderer'][text()='Aarya-2 - My Love Is Gone Video | Allu Arjun | Devi Sri Prasad']'.</msg>
<kw name="Capture Page Screenshot" library="Selenium2Library">
<doc>Takes a screenshot of the current page and embeds it into a log file.</doc>
<msg timestamp="20210417 20:20:37.979" level="INFO" html="true">&lt;/td&gt;&lt;/tr&gt;&lt;tr&gt;&lt;td colspan="3"&gt;&lt;a href="selenium-screenshot-9.png"&gt;&lt;img src="selenium-screenshot-9.png" width="800px"&gt;&lt;/a&gt;</msg>
<status status="PASS" starttime="20210417 20:20:37.572" endtime="20210417 20:20:37.979"/>
</kw>
<msg timestamp="20210417 20:20:37.980" level="FAIL">Element with locator '//YT-FORMATTED-STRING[@class='style-scope ytd-video-renderer'][text()='Aarya-2 - My Love Is Gone Video | Allu Arjun | Devi Sri Prasad']' not found.</msg>
<status status="FAIL" starttime="20210417 20:20:37.554" endtime="20210417 20:20:37.980"/>
</kw>
<kw name="Sleep" library="BuiltIn">
<arg>10s</arg>
<doc>Pauses the test executed for the given time.</doc>
<status status="NOT RUN" starttime="20210417 20:20:37.980" endtime="20210417 20:20:37.981"/>
</kw>
<kw name="Close Browser" library="Selenium2Library">
<doc>Closes the current browser.</doc>
<status status="NOT RUN" starttime="20210417 20:20:37.981" endtime="20210417 20:20:37.981"/>
</kw>
<status status="FAIL" starttime="20210417 20:20:28.205" endtime="20210417 20:20:37.981"/>
</kw>
<status status="FAIL" starttime="20210417 20:20:28.204" endtime="20210417 20:20:37.981">Element with locator '//YT-FORMATTED-STRING[@class='style-scope ytd-video-renderer'][text()='Aarya-2 - My Love Is Gone Video | Allu Arjun | Devi Sri Prasad']' not found.</status>
</test>
<status status="FAIL" starttime="20210417 20:20:28.032" endtime="20210417 20:20:37.983"/>
</suite>
<statistics>
<total>
<stat pass="0" fail="1" skip="0">All Tests</stat>
</total>
<tag>
</tag>
<suite>
<stat pass="0" fail="1" skip="0" id="s1" name="Mytest">Mytest</stat>
</suite>
</statistics>
<errors>
</errors>
</robot>
