<?xml version="1.0" encoding="UTF-8"?>
<robot generator="Robot 4.0.1 (Python 3.9.4 on win32)" generated="20210421 20:02:01.413" rpa="false" schemaversion="2">
<suite id="s1" name="Show Command" source="D:\Test\Testcases\show_command.robot">
<test id="s1-t1" name="Open Uploadfile">
<kw name="[UPLOAD] FILE PDF" library="Keywords">
<kw name="Open Browser" library="Selenium2Library">
<arg>${upload-pdf}</arg>
<arg>chrome</arg>
<doc>Opens a new browser instance to the optional ``url``.</doc>
<msg timestamp="20210421 20:02:01.582" level="INFO">Opening browser 'chrome' to base url 'https://smallpdf.com/pdf-to-word'.</msg>
<status status="PASS" starttime="20210421 20:02:01.581" endtime="20210421 20:02:07.523"/>
</kw>
<kw name="Maximize Browser Window" library="Selenium2Library">
<doc>Maximizes current browser window.</doc>
<status status="PASS" starttime="20210421 20:02:07.524" endtime="20210421 20:02:07.663"/>
</kw>
<kw name="Sleep" library="BuiltIn">
<arg>4s</arg>
<doc>Pauses the test executed for the given time.</doc>
<msg timestamp="20210421 20:02:11.678" level="INFO">Slept 4 seconds</msg>
<status status="PASS" starttime="20210421 20:02:07.664" endtime="20210421 20:02:11.678"/>
</kw>
<status status="PASS" starttime="20210421 20:02:01.581" endtime="20210421 20:02:11.678"/>
</kw>
<kw name="BROWSER FILE" library="Keywords">
<kw name="Wait Until Page Contains Element" library="Selenium2Library">
<arg>//SPAN[@class='sc-1rd62mt-2 ejRuwW'][text()='Choose Files']</arg>
<arg>10s</arg>
<doc>Waits until the element ``locator`` appears on the current page.</doc>
<status status="PASS" starttime="20210421 20:02:11.680" endtime="20210421 20:02:11.712"/>
</kw>
<kw name="Choose File" library="Selenium2Library">
<arg>id=__picker-input</arg>
<arg>D:\\Test\\Command/testfile.pdf</arg>
<doc>Inputs the ``file_path`` into the file input field ``locator``.</doc>
<msg timestamp="20210421 20:02:11.712" level="INFO">Sending D:\Test\Command\testfile.pdf to browser.</msg>
<status status="PASS" starttime="20210421 20:02:11.712" endtime="20210421 20:02:11.795"/>
</kw>
<status status="PASS" starttime="20210421 20:02:11.680" endtime="20210421 20:02:11.795"/>
</kw>
<status status="PASS" starttime="20210421 20:02:01.581" endtime="20210421 20:02:11.796"/>
</test>
<status status="PASS" starttime="20210421 20:02:01.415" endtime="20210421 20:02:11.798"/>
</suite>
<statistics>
<total>
<stat pass="1" fail="0" skip="0">All Tests</stat>
</total>
<tag>
</tag>
<suite>
<stat pass="1" fail="0" skip="0" id="s1" name="Show Command">Show Command</stat>
</suite>
</statistics>
<errors>
</errors>
</robot>
