<?xml version="1.0" encoding="UTF-8"?>
<robot generator="Robot 4.0.1 (Python 3.9.4 on win32)" generated="20210418 19:35:23.652" rpa="false" schemaversion="2">
<suite id="s1" name="Openyoutube" source="D:\Test\Testcases\Openyoutube.robot">
<test id="s1-t1" name="Google translate">
<kw name="Translator" library="Keywords">
<kw name="Open Browser" library="Selenium2Library">
<arg>${Translator}</arg>
<arg>chrome</arg>
<doc>Opens a new browser instance to the optional ``url``.</doc>
<msg timestamp="20210418 19:35:23.835" level="INFO">Opening browser 'chrome' to base url 'https://www.google.com/search?q=translate&amp;oq=tran&amp;aqs=chrome.0.0i67i131i433j69i57j0i67j0i67i433j69i61j69i60l3.5229j0j7&amp;sourceid=chrome&amp;ie=UTF-8'.</msg>
<status status="PASS" starttime="20210418 19:35:23.835" endtime="20210418 19:35:31.726"/>
</kw>
<kw name="Maximize Browser Window" library="Selenium2Library">
<doc>Maximizes current browser window.</doc>
<status status="PASS" starttime="20210418 19:35:31.726" endtime="20210418 19:35:31.839"/>
</kw>
<status status="PASS" starttime="20210418 19:35:23.835" endtime="20210418 19:35:31.839"/>
</kw>
<status status="PASS" starttime="20210418 19:35:23.834" endtime="20210418 19:35:31.840"/>
</test>
<status status="PASS" starttime="20210418 19:35:23.655" endtime="20210418 19:35:31.841"/>
</suite>
<statistics>
<total>
<stat pass="1" fail="0" skip="0">All Tests</stat>
</total>
<tag>
</tag>
<suite>
<stat pass="1" fail="0" skip="0" id="s1" name="Openyoutube">Openyoutube</stat>
</suite>
</statistics>
<errors>
</errors>
</robot>
